[INFO] Scanning for projects...
[INFO] 
[INFO] --------------------< com.ReadAndREST:ReadAndREST >---------------------
[INFO] Building ReadAndREST 0.0.1-SNAPSHOT
[INFO]   from pom.xml
[INFO] --------------------------------[ jar ]---------------------------------
[INFO] 
[INFO] >>> spring-boot:2.5.4:run (default-cli) > test-compile @ ReadAndREST >>>
[INFO] 
[INFO] --- resources:3.2.0:resources (default-resources) @ ReadAndREST ---
[INFO] Using 'UTF-8' encoding to copy filtered resources.
[INFO] Using 'UTF-8' encoding to copy filtered properties files.
[INFO] Copying 1 resource
[INFO] Copying 7 resources
[INFO] 
[INFO] --- compiler:3.8.1:compile (default-compile) @ ReadAndREST ---
[INFO] Changes detected - recompiling the module!
[INFO] Compiling 16 source files to /Users/nazlidenizurenli/ndu_code/ReadAndREST/api/springboot_src/target/classes
[INFO] 
[INFO] --- resources:3.2.0:testResources (default-testResources) @ ReadAndREST ---
[INFO] Using 'UTF-8' encoding to copy filtered resources.
[INFO] Using 'UTF-8' encoding to copy filtered properties files.
[INFO] skip non existing resourceDirectory /Users/nazlidenizurenli/ndu_code/ReadAndREST/api/springboot_src/src/test/resources
[INFO] 
[INFO] --- compiler:3.8.1:testCompile (default-testCompile) @ ReadAndREST ---
[INFO] Changes detected - recompiling the module!
[INFO] Compiling 1 source file to /Users/nazlidenizurenli/ndu_code/ReadAndREST/api/springboot_src/target/test-classes
[INFO] 
[INFO] <<< spring-boot:2.5.4:run (default-cli) < test-compile @ ReadAndREST <<<
[INFO] 
[INFO] 
[INFO] --- spring-boot:2.5.4:run (default-cli) @ ReadAndREST ---
[INFO] Attaching agents: []

  .   ____          _            __ _ _
 /\\ / ___'_ __ _ _(_)_ __  __ _ \ \ \ \
( ( )\___ | '_ | '_| | '_ \/ _` | \ \ \ \
 \\/  ___)| |_)| | | | | || (_| |  ) ) ) )
  '  |____| .__|_| |_|_| |_\__, | / / / /
 =========|_|==============|___/=/_/_/_/
 :: Spring Boot ::                (v2.5.4)

2024-07-18 14:59:02.423  INFO 76730 --- [           main] com.ReadAndREST.ReadAndRESTApplication   : Starting ReadAndRESTApplication using Java 21 on Nazlis-MBP-2.attlocal.net with PID 76730 (/Users/nazlidenizurenli/ndu_code/ReadAndREST/api/springboot_src/target/classes started by nazlidenizurenli in /Users/nazlidenizurenli/ndu_code/ReadAndREST/api/springboot_src)
2024-07-18 14:59:02.425  INFO 76730 --- [           main] com.ReadAndREST.ReadAndRESTApplication   : No active profile set, falling back to default profiles: default
2024-07-18 14:59:02.889  INFO 76730 --- [           main] .s.d.r.c.RepositoryConfigurationDelegate : Bootstrapping Spring Data JPA repositories in DEFAULT mode.
2024-07-18 14:59:02.937  INFO 76730 --- [           main] .s.d.r.c.RepositoryConfigurationDelegate : Finished Spring Data repository scanning in 41 ms. Found 3 JPA repository interfaces.
2024-07-18 14:59:03.391  INFO 76730 --- [           main] o.s.b.w.embedded.tomcat.TomcatWebServer  : Tomcat initialized with port(s): 8080 (http)
2024-07-18 14:59:03.401  INFO 76730 --- [           main] o.apache.catalina.core.StandardService   : Starting service [Tomcat]
2024-07-18 14:59:03.401  INFO 76730 --- [           main] org.apache.catalina.core.StandardEngine  : Starting Servlet engine: [Apache Tomcat/9.0.52]
2024-07-18 14:59:03.465  INFO 76730 --- [           main] o.a.c.c.C.[Tomcat].[localhost].[/]       : Initializing Spring embedded WebApplicationContext
2024-07-18 14:59:03.465  INFO 76730 --- [           main] w.s.c.ServletWebServerApplicationContext : Root WebApplicationContext: initialization completed in 1005 ms
2024-07-18 14:59:03.618  INFO 76730 --- [           main] o.hibernate.jpa.internal.util.LogHelper  : HHH000204: Processing PersistenceUnitInfo [name: default]
2024-07-18 14:59:03.665  INFO 76730 --- [           main] org.hibernate.Version                    : HHH000412: Hibernate ORM core version 5.4.32.Final
2024-07-18 14:59:03.788  INFO 76730 --- [           main] o.hibernate.annotations.common.Version   : HCANN000001: Hibernate Commons Annotations {5.1.2.Final}
2024-07-18 14:59:03.877  INFO 76730 --- [           main] com.zaxxer.hikari.HikariDataSource       : HikariPool-1 - Starting...
2024-07-18 14:59:04.232  INFO 76730 --- [           main] com.zaxxer.hikari.HikariDataSource       : HikariPool-1 - Start completed.
2024-07-18 14:59:04.247  INFO 76730 --- [           main] org.hibernate.dialect.Dialect            : HHH000400: Using dialect: org.hibernate.dialect.MySQL5Dialect
Hibernate: create table book_genres (book_id bigint not null, genre varchar(255)) engine=MyISAM
Hibernate: create table books (id bigint not null auto_increment, author varchar(255), title varchar(255), primary key (id)) engine=MyISAM
Hibernate: create table user (id bigint not null auto_increment, password varchar(255), username varchar(255), primary key (id)) engine=MyISAM
Hibernate: create table user_book_map (id bigint not null auto_increment, book_id bigint, user_id bigint, primary key (id)) engine=MyISAM
Hibernate: alter table books drop index UK65slekpcpi3yn45m0nv2wdr0n
Hibernate: alter table books add constraint UK65slekpcpi3yn45m0nv2wdr0n unique (title, author)
Hibernate: alter table books drop index UK_5mtto2jcmfrwfg0p1ui8mnweu
Hibernate: alter table books add constraint UK_5mtto2jcmfrwfg0p1ui8mnweu unique (title)
Hibernate: alter table book_genres add constraint FKtqnlma9c5byf3gfqsuu0ebrl5 foreign key (book_id) references books (id)
Hibernate: alter table user_book_map add constraint FKda0ui9qyqxnh1uapn6p0dhmx2 foreign key (book_id) references books (id)
Hibernate: alter table user_book_map add constraint FKijbo8wxgi17pxposwgn9t2o3w foreign key (user_id) references user (id)
2024-07-18 14:59:04.898  INFO 76730 --- [           main] o.h.e.t.j.p.i.JtaPlatformInitiator       : HHH000490: Using JtaPlatform implementation: [org.hibernate.engine.transaction.jta.platform.internal.NoJtaPlatform]
2024-07-18 14:59:04.905  INFO 76730 --- [           main] j.LocalContainerEntityManagerFactoryBean : Initialized JPA EntityManagerFactory for persistence unit 'default'
2024-07-18 14:59:05.237  WARN 76730 --- [           main] ConfigServletWebServerApplicationContext : Exception encountered during context initialization - cancelling refresh attempt: org.springframework.beans.factory.UnsatisfiedDependencyException: Error creating bean with name 'bookController': Unsatisfied dependency expressed through field 'userBookMapService'; nested exception is org.springframework.beans.factory.NoSuchBeanDefinitionException: No qualifying bean of type 'com.ReadAndREST.services.UserBookMapService' available: expected at least 1 bean which qualifies as autowire candidate. Dependency annotations: {@org.springframework.beans.factory.annotation.Autowired(required=true)}
2024-07-18 14:59:05.238  INFO 76730 --- [           main] j.LocalContainerEntityManagerFactoryBean : Closing JPA EntityManagerFactory for persistence unit 'default'
2024-07-18 14:59:05.239  INFO 76730 --- [           main] com.zaxxer.hikari.HikariDataSource       : HikariPool-1 - Shutdown initiated...
2024-07-18 14:59:05.245  INFO 76730 --- [           main] com.zaxxer.hikari.HikariDataSource       : HikariPool-1 - Shutdown completed.
2024-07-18 14:59:05.247  INFO 76730 --- [           main] o.apache.catalina.core.StandardService   : Stopping service [Tomcat]
2024-07-18 14:59:05.255  INFO 76730 --- [           main] ConditionEvaluationReportLoggingListener : 

Error starting ApplicationContext. To display the conditions report re-run your application with 'debug' enabled.
2024-07-18 14:59:05.269 ERROR 76730 --- [           main] o.s.b.d.LoggingFailureAnalysisReporter   : 

***************************
APPLICATION FAILED TO START
***************************

Description:

Field userBookMapService in com.ReadAndREST.controllers.BookController required a bean of type 'com.ReadAndREST.services.UserBookMapService' that could not be found.

The injection point has the following annotations:
	- @org.springframework.beans.factory.annotation.Autowired(required=true)


Action:

Consider defining a bean of type 'com.ReadAndREST.services.UserBookMapService' in your configuration.

[INFO] ------------------------------------------------------------------------
[INFO] BUILD FAILURE
[INFO] ------------------------------------------------------------------------
[INFO] Total time:  6.301 s
[INFO] Finished at: 2024-07-18T14:59:05-07:00
[INFO] ------------------------------------------------------------------------
[ERROR] Failed to execute goal org.springframework.boot:spring-boot-maven-plugin:2.5.4:run (default-cli) on project ReadAndREST: Application finished with exit code: 1 -> [Help 1]
[ERROR] 
[ERROR] To see the full stack trace of the errors, re-run Maven with the -e switch.
[ERROR] Re-run Maven using the -X switch to enable full debug logging.
[ERROR] 
[ERROR] For more information about the errors and possible solutions, please read the following articles:
[ERROR] [Help 1] http://cwiki.apache.org/confluence/display/MAVEN/MojoExecutionException
